<?xml version="1.0" encoding="UTF-8"?>
<!-- Generated by org.testng.reporters.JUnitXMLReporter -->
<testsuite hostname="sony" ignored="3" name="Default test" tests="1" failures="0" timestamp="2020-05-25T00:51:59 IST" time="0.109" errors="0">
  <testcase name="seleniumTest" time="0.022" classname="qaclickacademy.MavenJava.SeleniumTest"/>
  <testcase name="BrowserAutomation" time="0.0" classname="qaclickacademy.MavenJava.SeleniumTest">
    <ignored/>
  </testcase> <!-- BrowserAutomation -->
  <testcase name="elementsUI2" time="0.0" classname="qaclickacademy.MavenJava.SeleniumTest">
    <ignored/>
  </testcase> <!-- elementsUI2 -->
  <testcase name="elementsUI" time="0.0" classname="qaclickacademy.MavenJava.SeleniumTest">
    <ignored/>
  </testcase> <!-- elementsUI -->
</testsuite> <!-- Default test -->
