<?xml version="1.0" encoding="UTF-8"?>
<!-- Generated by org.testng.reporters.JUnitXMLReporter -->
<testsuite hostname="sony" ignored="0" name="Test" tests="4" failures="0" timestamp="2020-05-18T01:53:42 IST" time="0.104" errors="0">
  <testcase name="deleteTwitter" time="0.011" classname="qaclickacademy.MavenJava.RESTAPITest"/>
  <testcase name="postJIra" time="0.001" classname="qaclickacademy.MavenJava.RESTAPITest"/>
  <testcase name="BrowserAutomation" time="0.0" classname="qaclickacademy.MavenJava.SeleniumTest"/>
  <testcase name="elementsUI" time="0.001" classname="qaclickacademy.MavenJava.SeleniumTest"/>
</testsuite> <!-- Test -->
