<?xml version="1.0" encoding="UTF-8"?>
<testng-results skipped="0" failed="0" ignored="0" total="4" passed="4">
  <reporter-output>
  </reporter-output>
  <suite name="Suite" duration-ms="104" started-at="2020-05-18T01:53:42 IST" finished-at="2020-05-18T01:53:42 IST">
    <groups>
    </groups>
    <test name="Test" duration-ms="104" started-at="2020-05-18T01:53:42 IST" finished-at="2020-05-18T01:53:42 IST">
      <class name="qaclickacademy.MavenJava.RESTAPITest">
        <test-method status="PASS" signature="deleteTwitter()[pri:0, instance:qaclickacademy.MavenJava.RESTAPITest@31dc339b]" name="deleteTwitter" duration-ms="11" started-at="2020-05-18T01:53:42 IST" finished-at="2020-05-18T01:53:42 IST">
          <reporter-output>
          </reporter-output>
        </test-method> <!-- deleteTwitter -->
        <test-method status="PASS" signature="postJIra()[pri:0, instance:qaclickacademy.MavenJava.RESTAPITest@31dc339b]" name="postJIra" duration-ms="1" started-at="2020-05-18T01:53:42 IST" finished-at="2020-05-18T01:53:42 IST">
          <reporter-output>
          </reporter-output>
        </test-method> <!-- postJIra -->
      </class> <!-- qaclickacademy.MavenJava.RESTAPITest -->
      <class name="qaclickacademy.MavenJava.SeleniumTest">
        <test-method status="PASS" signature="BrowserAutomation()[pri:0, instance:qaclickacademy.MavenJava.SeleniumTest@544fe44c]" name="BrowserAutomation" duration-ms="0" started-at="2020-05-18T01:53:42 IST" finished-at="2020-05-18T01:53:42 IST">
          <reporter-output>
          </reporter-output>
        </test-method> <!-- BrowserAutomation -->
        <test-method status="PASS" signature="elementsUI()[pri:0, instance:qaclickacademy.MavenJava.SeleniumTest@544fe44c]" name="elementsUI" duration-ms="1" started-at="2020-05-18T01:53:42 IST" finished-at="2020-05-18T01:53:42 IST">
          <reporter-output>
          </reporter-output>
        </test-method> <!-- elementsUI -->
      </class> <!-- qaclickacademy.MavenJava.SeleniumTest -->
    </test> <!-- Test -->
  </suite> <!-- Suite -->
</testng-results>
