<?xml version="1.0" encoding="UTF-8"?>
<testng-results skipped="0" failed="0" ignored="3" total="4" passed="1">
  <reporter-output>
  </reporter-output>
  <suite name="Default suite" duration-ms="109" started-at="2020-05-25T00:51:59 IST" finished-at="2020-05-25T00:51:59 IST">
    <groups>
    </groups>
    <test name="Default test" duration-ms="109" started-at="2020-05-25T00:51:59 IST" finished-at="2020-05-25T00:51:59 IST">
      <class name="qaclickacademy.MavenJava.SeleniumTest">
        <test-method status="PASS" signature="seleniumTest()[pri:0, instance:qaclickacademy.MavenJava.SeleniumTest@27a8c74e]" name="seleniumTest" duration-ms="22" started-at="2020-05-25T00:51:59 IST" finished-at="2020-05-25T00:51:59 IST">
          <reporter-output>
          </reporter-output>
        </test-method> <!-- seleniumTest -->
      </class> <!-- qaclickacademy.MavenJava.SeleniumTest -->
    </test> <!-- Default test -->
  </suite> <!-- Default suite -->
</testng-results>
